#
# There is insufficient memory for the Java Runtime Environment to continue.
# Native memory allocation (mmap) failed to map 132120576 bytes for Failed to commit area from 0x0000000082600000 to 0x000000008a400000 of length 132120576.
# Possible reasons:
#   The system is out of physical RAM or swap space
#   The process is running with CompressedOops enabled, and the Java Heap may be blocking the growth of the native heap
# Possible solutions:
#   Reduce memory load on the system
#   Increase physical memory or swap space
#   Check if swap backing store is full
#   Decrease Java heap size (-Xmx/-Xms)
#   Decrease number of Java threads
#   Decrease Java thread stack sizes (-Xss)
#   Set larger code cache with -XX:ReservedCodeCacheSize=
# This output file may be truncated or incomplete.
#
#  Out of Memory Error (./src/hotspot/os/windows/os_windows.cpp:3301), pid=6868, tid=7840
#
# JRE version:  (11.0.11+9) (build )
# Java VM: OpenJDK 64-Bit Server VM (11.0.11+9-b60-7590822, mixed mode, sharing, tiered, compressed oops, g1 gc, windows-amd64)
# No core dump will be written. Minidumps are not enabled by default on client versions of Windows
#

---------------  S U M M A R Y ------------

Command Line: org.jetbrains.kotlin.cli.jvm.K2JVMCompiler @C:\Users\elgu9\AndroidStudioProjects\ProjectP0\app\build\20220524_1235927873548712381.compiler.options

Host: Intel(R) Core(TM) i5-8259U CPU @ 2.30GHz, 8 cores, 7G,  Windows 10 , 64 bit Build 19041 (10.0.19041.1706)
Time: Tue May 24 12:32:44 2022 Pacific Daylight Time elapsed time: 0.010104 seconds (0d 0h 0m 0s)

---------------  T H R E A D  ---------------

Current thread (0x00000202d8fb9800):  JavaThread "Unknown thread" [_thread_in_vm, id=7840, stack(0x000000d536d00000,0x000000d536e00000)]

Stack: [0x000000d536d00000,0x000000d536e00000]
Native frames: (J=compiled Java code, j=interpreted, Vv=VM code, C=native code)
V  [jvm.dll+0x5f214a]
V  [jvm.dll+0x726fb5]
V  [jvm.dll+0x7285cd]
V  [jvm.dll+0x728c83]
V  [jvm.dll+0x243278]
V  [jvm.dll+0x5ef544]
V  [jvm.dll+0x5e4495]
V  [jvm.dll+0x2fec5b]
V  [jvm.dll+0x2febca]
V  [jvm.dll+0x2feaa2]
V  [jvm.dll+0x303986]
V  [jvm.dll+0x34c3a3]
V  [jvm.dll+0x34caa6]
V  [jvm.dll+0x34c4a3]
V  [jvm.dll+0x2d9688]
V  [jvm.dll+0x2da837]
V  [jvm.dll+0x705ba7]
V  [jvm.dll+0x70739c]
V  [jvm.dll+0x3598f9]
V  [jvm.dll+0x6e931e]
V  [jvm.dll+0x3c1c43]
V  [jvm.dll+0x3c3e81]
C  [jli.dll+0x5373]
C  [ucrtbase.dll+0x21bb2]
C  [KERNEL32.DLL+0x17034]
C  [ntdll.dll+0x52651]


---------------  P R O C E S S  ---------------

Threads class SMR info:
_java_thread_list=0x00000202d76d1a40, length=0, elements={
}

Java Threads: ( => current thread )

Other Threads:
  0x00000202d8fd1800 GCTaskThread "GC Thread#0" [stack: 0x000000d536e00000,0x000000d536f00000] [id=13796]
  0x00000202d9001000 ConcurrentGCThread "G1 Main Marker" [stack: 0x000000d536f00000,0x000000d537000000] [id=13376]
  0x00000202d9003800 ConcurrentGCThread "G1 Conc#0" [stack: 0x000000d537000000,0x000000d537100000] [id=12508]

[error occurred during error reporting (printing all threads), id 0xc0000005, EXCEPTION_ACCESS_VIOLATION (0xc0000005) at pc=0x00007ff930519c47]

VM state:not at safepoint (not fully initialized)

VM Mutex/Monitor currently owned by a thread:  ([mutex/lock_event])
[0x00000202d8fb7530] Heap_lock - owner thread: 0x00000202d8fb9800

Heap address: 0x0000000082600000, size: 2010 MB, Compressed Oops mode: Non-zero based: 0x0000000082600000
Narrow klass base: 0x0000000000000000, Narrow klass shift: 0

GC Heap History (0 events):
No events

Deoptimization events (0 events):
No events

Classes redefined (0 events):
No events

Internal exceptions (0 events):
No events

Events (1 events):
Event: 0.006 Loaded shared library C:\Program Files\Android\Android Studio\jre\bin\zip.dll


Dynamic libraries:
0x00007ff78a270000 - 0x00007ff78a27a000 	C:\Program Files\Android\Android Studio\jre\bin\java.exe
0x00007ff990930000 - 0x00007ff990b25000 	C:\Windows\SYSTEM32\ntdll.dll
0x00007ff98f590000 - 0x00007ff98f64d000 	C:\Windows\System32\KERNEL32.DLL
0x00007ff98e230000 - 0x00007ff98e4fd000 	C:\Windows\System32\KERNELBASE.dll
0x00007ff98e880000 - 0x00007ff98e980000 	C:\Windows\System32\ucrtbase.dll
0x00007ff98bbd0000 - 0x00007ff98bbe9000 	C:\Program Files\Android\Android Studio\jre\bin\jli.dll
0x00007ff988370000 - 0x00007ff988387000 	C:\Program Files\Android\Android Studio\jre\bin\VCRUNTIME140.dll
0x00007ff990540000 - 0x00007ff9906e0000 	C:\Windows\System32\USER32.dll
0x00007ff98e500000 - 0x00007ff98e522000 	C:\Windows\System32\win32u.dll
0x00007ff9766c0000 - 0x00007ff97695a000 	C:\Windows\WinSxS\amd64_microsoft.windows.common-controls_6595b64144ccf1df_6.0.19041.1110_none_60b5254171f9507e\COMCTL32.dll
0x00007ff990380000 - 0x00007ff9903aa000 	C:\Windows\System32\GDI32.dll
0x00007ff98f650000 - 0x00007ff98f6ee000 	C:\Windows\System32\msvcrt.dll
0x00007ff98e5e0000 - 0x00007ff98e6eb000 	C:\Windows\System32\gdi32full.dll
0x00007ff98e6f0000 - 0x00007ff98e78d000 	C:\Windows\System32\msvcp_win.dll
0x00007ff9907f0000 - 0x00007ff990820000 	C:\Windows\System32\IMM32.DLL
0x00007ff971e70000 - 0x00007ff971f0d000 	C:\Program Files\Android\Android Studio\jre\bin\msvcp140.dll
0x00007ff930230000 - 0x00007ff930d05000 	C:\Program Files\Android\Android Studio\jre\bin\server\jvm.dll
0x00007ff9906e0000 - 0x00007ff99078e000 	C:\Windows\System32\ADVAPI32.dll
0x00007ff9903b0000 - 0x00007ff99044c000 	C:\Windows\System32\sechost.dll
0x00007ff98e980000 - 0x00007ff98eaa5000 	C:\Windows\System32\RPCRT4.dll
0x00007ff98ef30000 - 0x00007ff98ef38000 	C:\Windows\System32\PSAPI.DLL
0x00007ff96db00000 - 0x00007ff96db27000 	C:\Windows\SYSTEM32\WINMM.dll
0x00007ff97b0a0000 - 0x00007ff97b0a9000 	C:\Windows\SYSTEM32\WSOCK32.dll
0x00007ff98c7c0000 - 0x00007ff98c7ca000 	C:\Windows\SYSTEM32\VERSION.dll
0x00007ff98fe70000 - 0x00007ff98fedb000 	C:\Windows\System32\WS2_32.dll
0x00007ff98c8d0000 - 0x00007ff98c8e2000 	C:\Windows\SYSTEM32\kernel.appcore.dll
0x00007ff97a560000 - 0x00007ff97a571000 	C:\Program Files\Android\Android Studio\jre\bin\verify.dll
0x00007ff97b990000 - 0x00007ff97bb74000 	C:\Windows\SYSTEM32\DBGHELP.DLL
0x00007ff9798d0000 - 0x00007ff9798fc000 	C:\Windows\SYSTEM32\dbgcore.DLL
0x00007ff98e1a0000 - 0x00007ff98e222000 	C:\Windows\System32\bcryptPrimitives.dll
0x00007ff97a1f0000 - 0x00007ff97a219000 	C:\Program Files\Android\Android Studio\jre\bin\java.dll
0x00007ff97b070000 - 0x00007ff97b07b000 	C:\Program Files\Android\Android Studio\jre\bin\jimage.dll
0x00007ff97a540000 - 0x00007ff97a558000 	C:\Program Files\Android\Android Studio\jre\bin\zip.dll

dbghelp: loaded successfully - version: 4.0.5 - missing functions: none
symbol engine: initialized successfully - sym options: 0x614 - pdb path: .;C:\Program Files\Android\Android Studio\jre\bin;C:\Windows\SYSTEM32;C:\Windows\WinSxS\amd64_microsoft.windows.common-controls_6595b64144ccf1df_6.0.19041.1110_none_60b5254171f9507e;C:\Program Files\Android\Android Studio\jre\bin\server

VM Arguments:
java_command: org.jetbrains.kotlin.cli.jvm.K2JVMCompiler @C:\Users\elgu9\AndroidStudioProjects\ProjectP0\app\build\20220524_1235927873548712381.compiler.options
java_class_path (initial): C:\Users\elgu9\.gradle\caches\modules-2\files-2.1\org.jetbrains.kotlin\kotlin-compiler-embeddable\1.5.30\3362a354066df1578a057c200da23cf2a1d8144f\kotlin-compiler-embeddable-1.5.30.jar;C:\Users\elgu9\.gradle\caches\modules-2\files-2.1\org.jetbrains.kotlin\kotlin-reflect\1.5.30\6773e974437dd6432aa646cc2f8ab71de42b5773\kotlin-reflect-1.5.30.jar;C:\Users\elgu9\.gradle\caches\modules-2\files-2.1\org.jetbrains.kotlin\kotlin-stdlib\1.5.30\d68efdea04955974ac1020f8f66ef8176bfbce1f\kotlin-stdlib-1.5.30.jar;C:\Users\elgu9\.gradle\caches\modules-2\files-2.1\org.jetbrains.kotlin\kotlin-script-runtime\1.5.30\10697ab20bfd2f1b23baa91306950c36c4e89a8d\kotlin-script-runtime-1.5.30.jar;C:\Users\elgu9\.gradle\caches\modules-2\files-2.1\org.jetbrains.kotlin\kotlin-daemon-embeddable\1.5.30\e355dc9011e559a475608265607948109e113ae0\kotlin-daemon-embeddable-1.5.30.jar;C:\Users\elgu9\.gradle\caches\modules-2\files-2.1\org.jetbrains.intellij.deps\trove4j\1.0.20181211\216c2e14b070f334479d800987affe4054cd563f\trove4j-1.0.20181211.jar;C:\Users\elgu9\.gradle\caches\modules-2\files-2.1\org.jetbrains\annotations\13.0\919f0dfe192fb4e063e7dacadee7f8bb9a2672a9\annotations-13.0.jar;C:\Users\elgu9\.gradle\caches\modules-2\files-2.1\org.jetbrains.kotlin\kotlin-stdlib-common\1.5.30\649ffab7767038323fec0cc41e2d7b0a8f65a378\kotlin-stdlib-common-1.5.30.jar
Launcher Type: SUN_STANDARD

[Global flags]
     intx CICompilerCount                          = 4                                         {product} {ergonomic}
     uint ConcGCThreads                            = 2                                         {product} {ergonomic}
     uint G1ConcRefinementThreads                  = 8                                         {product} {ergonomic}
   size_t G1HeapRegionSize                         = 1048576                                   {product} {ergonomic}
    uintx GCDrainStackTargetSize                   = 64                                        {product} {ergonomic}
   size_t InitialHeapSize                          = 132120576                                 {product} {ergonomic}
   size_t MarkStackSize                            = 4194304                                   {product} {ergonomic}
   size_t MaxHeapSize                              = 2107637760                                {product} {ergonomic}
   size_t MinHeapDeltaBytes                        = 1048576                                   {product} {ergonomic}
    uintx NonNMethodCodeHeapSize                   = 5836300                                {pd product} {ergonomic}
    uintx NonProfiledCodeHeapSize                  = 122910970                              {pd product} {ergonomic}
    uintx ProfiledCodeHeapSize                     = 122910970                              {pd product} {ergonomic}
    uintx ReservedCodeCacheSize                    = 251658240                              {pd product} {ergonomic}
     bool SegmentedCodeCache                       = true                                      {product} {ergonomic}
     bool UseCompressedClassPointers               = true                                 {lp64_product} {ergonomic}
     bool UseCompressedOops                        = true                                 {lp64_product} {ergonomic}
     bool UseG1GC                                  = true                                      {product} {ergonomic}
     bool UseLargePagesIndividualAllocation        = false                                  {pd product} {ergonomic}

Logging:
Log output configuration:
 #0: stdout all=warning uptime,level,tags
 #1: stderr all=off uptime,level,tags

Environment Variables:
PATH=C:\Python310\Scripts\;C:\Python310\;C:\Program Files\Common Files\Oracle\Java\javapath;C:\Windows\system32;C:\Windows;C:\Windows\System32\Wbem;C:\Windows\System32\WindowsPowerShell\v1.0\;C:\Windows\System32\OpenSSH\;C:\Program Files\Git\cmd;C:\ProgramData\chocolatey\bin;C:\Users\elgu9\AppData\Local\Microsoft\WindowsApps;;C:\Program Files\sfdx\bin
USERNAME=elgu9
OS=Windows_NT
PROCESSOR_IDENTIFIER=Intel64 Family 6 Model 142 Stepping 10, GenuineIntel



---------------  S Y S T E M  ---------------

OS: Windows 10 , 64 bit Build 19041 (10.0.19041.1706)
OS uptime: 1 days 5:12 hours

CPU:total 8 (initial active 8) (4 cores per cpu, 2 threads per core) family 6 model 142 stepping 10 microcode 0xec, cmov, cx8, fxsr, mmx, sse, sse2, sse3, ssse3, sse4.1, sse4.2, popcnt, avx, avx2, aes, clmul, erms, 3dnowpref, lzcnt, ht, tsc, tscinvbit, bmi1, bmi2, adx, fma

Memory: 4k page, system-wide physical 8038M (401M free)
TotalPageFile size 15852M (AvailPageFile size 78M)
current process WorkingSet (physical memory assigned to process): 9M, peak: 9M
current process commit charge ("private bytes"): 60M, peak: 185M

vm_info: OpenJDK 64-Bit Server VM (11.0.11+9-b60-7590822) for windows-amd64 JRE (11.0.11+9-b60-7590822), built on Jul 29 2021 21:43:44 by "builder" with MS VC++ 14.0 (VS2015)

END.
